2018-10-22 00:08:37,818 CRIT Supervisor running as root (no user in config file)
2018-10-22 00:08:37,820 INFO Included extra file "/etc/supervisor/conf.d/supervisord.conf" during parsing
2018-10-22 00:08:37,861 INFO RPC interface 'supervisor' initialized
2018-10-22 00:08:37,862 CRIT Server 'unix_http_server' running without any HTTP authentication checking
2018-10-22 00:08:37,862 INFO supervisord started with pid 1
2018-10-22 00:08:38,867 INFO spawned: 'varnishd' with pid 15
2018-10-22 00:08:38,875 INFO spawned: 'php-fpm' with pid 16
2018-10-22 00:08:38,882 INFO spawned: 'varnish-plugins-watcher' with pid 17
2018-10-22 00:08:38,894 INFO spawned: 'nginx' with pid 18
2018-10-22 00:08:38,904 INFO spawned: 'MailHog' with pid 19
2018-10-22 00:08:38,916 INFO spawned: 'mysql' with pid 20
2018-10-22 00:08:38,934 INFO spawned: 'varnish-themes-watcher' with pid 21
2018-10-22 00:08:40,180 INFO success: varnishd entered RUNNING state, process has stayed up for > than 1 seconds (startsecs)
2018-10-22 00:08:40,185 INFO success: php-fpm entered RUNNING state, process has stayed up for > than 1 seconds (startsecs)
2018-10-22 00:08:40,186 INFO success: varnish-plugins-watcher entered RUNNING state, process has stayed up for > than 1 seconds (startsecs)
2018-10-22 00:08:40,186 INFO success: nginx entered RUNNING state, process has stayed up for > than 1 seconds (startsecs)
2018-10-22 00:08:40,190 INFO success: MailHog entered RUNNING state, process has stayed up for > than 1 seconds (startsecs)
2018-10-22 00:08:40,191 INFO success: mysql entered RUNNING state, process has stayed up for > than 1 seconds (startsecs)
2018-10-22 00:08:40,191 INFO success: varnish-themes-watcher entered RUNNING state, process has stayed up for > than 1 seconds (startsecs)
2018-10-22 02:01:58,259 WARN received SIGTERM indicating exit request
2018-10-22 02:01:58,260 INFO waiting for varnishd, php-fpm, varnish-plugins-watcher, nginx, MailHog, mysql, varnish-themes-watcher to die
2018-10-22 02:01:59,261 INFO stopped: varnish-themes-watcher (terminated by SIGTERM)
2018-10-22 02:01:59,275 INFO stopped: mysql (exit status 0)
2018-10-22 02:01:59,276 INFO stopped: MailHog (terminated by SIGTERM)
2018-10-22 02:01:59,280 INFO stopped: nginx (exit status 0)
2018-10-22 02:02:00,283 INFO stopped: varnish-plugins-watcher (terminated by SIGTERM)
2018-10-22 02:02:00,323 INFO stopped: php-fpm (exit status 0)
2018-10-22 02:02:01,327 INFO waiting for varnishd to die
2018-10-22 02:02:01,414 INFO stopped: varnishd (exit status 0)
2018-10-23 15:30:05,298 CRIT Supervisor running as root (no user in config file)
2018-10-23 15:30:05,300 INFO Included extra file "/etc/supervisor/conf.d/supervisord.conf" during parsing
2018-10-23 15:30:05,383 INFO RPC interface 'supervisor' initialized
2018-10-23 15:30:05,384 CRIT Server 'unix_http_server' running without any HTTP authentication checking
2018-10-23 15:30:05,385 INFO supervisord started with pid 1
2018-10-23 15:30:06,396 INFO spawned: 'varnishd' with pid 35
2018-10-23 15:30:06,414 INFO spawned: 'php-fpm' with pid 36
2018-10-23 15:30:06,443 INFO spawned: 'varnish-plugins-watcher' with pid 37
2018-10-23 15:30:06,464 INFO spawned: 'nginx' with pid 38
2018-10-23 15:30:06,495 INFO spawned: 'MailHog' with pid 39
2018-10-23 15:30:06,544 INFO spawned: 'mysql' with pid 40
2018-10-23 15:30:06,594 INFO spawned: 'varnish-themes-watcher' with pid 41
2018-10-23 15:30:08,196 INFO success: varnishd entered RUNNING state, process has stayed up for > than 1 seconds (startsecs)
2018-10-23 15:30:08,197 INFO success: php-fpm entered RUNNING state, process has stayed up for > than 1 seconds (startsecs)
2018-10-23 15:30:08,198 INFO success: varnish-plugins-watcher entered RUNNING state, process has stayed up for > than 1 seconds (startsecs)
2018-10-23 15:30:08,199 INFO success: nginx entered RUNNING state, process has stayed up for > than 1 seconds (startsecs)
2018-10-23 15:30:08,200 INFO success: MailHog entered RUNNING state, process has stayed up for > than 1 seconds (startsecs)
2018-10-23 15:30:08,200 INFO success: mysql entered RUNNING state, process has stayed up for > than 1 seconds (startsecs)
2018-10-23 15:30:08,201 INFO success: varnish-themes-watcher entered RUNNING state, process has stayed up for > than 1 seconds (startsecs)
2018-10-23 17:14:02,715 WARN received SIGTERM indicating exit request
2018-10-23 17:14:02,717 INFO waiting for varnishd, php-fpm, varnish-plugins-watcher, nginx, MailHog, mysql, varnish-themes-watcher to die
2018-10-23 17:14:03,720 INFO stopped: varnish-themes-watcher (terminated by SIGTERM)
2018-10-23 17:14:03,792 INFO stopped: mysql (exit status 0)
2018-10-23 17:14:03,800 INFO stopped: MailHog (terminated by SIGTERM)
2018-10-23 17:14:03,820 INFO stopped: nginx (exit status 0)
2018-10-23 17:14:04,832 INFO stopped: varnish-plugins-watcher (terminated by SIGTERM)
2018-10-23 17:14:04,900 INFO stopped: php-fpm (exit status 0)
2018-10-23 17:14:05,166 INFO reaped unknown pid 58
2018-10-23 17:14:05,384 WARN received SIGTERM indicating exit request
2018-10-23 17:14:05,720 INFO reaped unknown pid 5315
2018-10-23 17:14:05,721 INFO waiting for varnishd to die
2018-10-23 17:14:06,031 INFO reaped unknown pid 5317
2018-10-23 17:14:06,070 INFO stopped: varnishd (exit status 0)
2018-10-23 19:08:13,510 CRIT Supervisor running as root (no user in config file)
2018-10-23 19:08:13,516 INFO Included extra file "/etc/supervisor/conf.d/supervisord.conf" during parsing
2018-10-23 19:08:13,561 INFO RPC interface 'supervisor' initialized
2018-10-23 19:08:13,561 CRIT Server 'unix_http_server' running without any HTTP authentication checking
2018-10-23 19:08:13,562 INFO supervisord started with pid 1
2018-10-23 19:08:14,566 INFO spawned: 'varnishd' with pid 33
2018-10-23 19:08:14,574 INFO spawned: 'php-fpm' with pid 34
2018-10-23 19:08:14,577 INFO spawned: 'varnish-plugins-watcher' with pid 35
2018-10-23 19:08:14,584 INFO spawned: 'nginx' with pid 36
2018-10-23 19:08:14,590 INFO spawned: 'MailHog' with pid 37
2018-10-23 19:08:14,603 INFO spawned: 'mysql' with pid 38
2018-10-23 19:08:14,606 INFO spawned: 'varnish-themes-watcher' with pid 39
2018-10-23 19:08:15,791 INFO success: varnishd entered RUNNING state, process has stayed up for > than 1 seconds (startsecs)
2018-10-23 19:08:15,792 INFO success: php-fpm entered RUNNING state, process has stayed up for > than 1 seconds (startsecs)
2018-10-23 19:08:15,793 INFO success: varnish-plugins-watcher entered RUNNING state, process has stayed up for > than 1 seconds (startsecs)
2018-10-23 19:08:15,794 INFO success: nginx entered RUNNING state, process has stayed up for > than 1 seconds (startsecs)
2018-10-23 19:08:15,795 INFO success: MailHog entered RUNNING state, process has stayed up for > than 1 seconds (startsecs)
2018-10-23 19:08:15,796 INFO success: mysql entered RUNNING state, process has stayed up for > than 1 seconds (startsecs)
2018-10-23 19:08:15,796 INFO success: varnish-themes-watcher entered RUNNING state, process has stayed up for > than 1 seconds (startsecs)
2018-10-23 21:21:36,973 WARN received SIGTERM indicating exit request
2018-10-23 21:21:36,974 INFO waiting for varnishd, php-fpm, varnish-plugins-watcher, nginx, MailHog, mysql, varnish-themes-watcher to die
2018-10-23 21:21:37,976 INFO stopped: varnish-themes-watcher (terminated by SIGTERM)
2018-10-23 21:21:37,987 INFO stopped: mysql (exit status 0)
2018-10-23 21:21:37,989 INFO stopped: MailHog (terminated by SIGTERM)
2018-10-23 21:21:37,992 INFO stopped: nginx (exit status 0)
2018-10-23 21:21:38,996 INFO stopped: varnish-plugins-watcher (terminated by SIGTERM)
2018-10-23 21:21:39,022 INFO stopped: php-fpm (exit status 0)
2018-10-23 21:21:39,387 INFO reaped unknown pid 53
2018-10-23 21:21:39,591 INFO reaped unknown pid 6712
2018-10-23 21:21:39,592 INFO reaped unknown pid 6713
2018-10-23 21:21:40,035 INFO waiting for varnishd to die
2018-10-23 21:21:40,144 INFO stopped: varnishd (exit status 0)
2018-10-24 15:43:01,250 CRIT Supervisor running as root (no user in config file)
2018-10-24 15:43:01,251 INFO Included extra file "/etc/supervisor/conf.d/supervisord.conf" during parsing
2018-10-24 15:43:01,324 INFO RPC interface 'supervisor' initialized
2018-10-24 15:43:01,325 CRIT Server 'unix_http_server' running without any HTTP authentication checking
2018-10-24 15:43:01,326 INFO supervisord started with pid 1
2018-10-24 15:43:02,338 INFO spawned: 'varnishd' with pid 35
2018-10-24 15:43:02,352 INFO spawned: 'php-fpm' with pid 36
2018-10-24 15:43:02,371 INFO spawned: 'varnish-plugins-watcher' with pid 37
2018-10-24 15:43:02,403 INFO spawned: 'nginx' with pid 38
2018-10-24 15:43:02,442 INFO spawned: 'MailHog' with pid 39
2018-10-24 15:43:02,496 INFO spawned: 'mysql' with pid 40
2018-10-24 15:43:02,532 INFO spawned: 'varnish-themes-watcher' with pid 41
2018-10-24 15:43:04,015 INFO success: varnishd entered RUNNING state, process has stayed up for > than 1 seconds (startsecs)
2018-10-24 15:43:04,016 INFO success: php-fpm entered RUNNING state, process has stayed up for > than 1 seconds (startsecs)
2018-10-24 15:43:04,017 INFO success: varnish-plugins-watcher entered RUNNING state, process has stayed up for > than 1 seconds (startsecs)
2018-10-24 15:43:04,018 INFO success: nginx entered RUNNING state, process has stayed up for > than 1 seconds (startsecs)
2018-10-24 15:43:04,020 INFO success: MailHog entered RUNNING state, process has stayed up for > than 1 seconds (startsecs)
2018-10-24 15:43:04,022 INFO success: mysql entered RUNNING state, process has stayed up for > than 1 seconds (startsecs)
2018-10-24 15:43:04,022 INFO success: varnish-themes-watcher entered RUNNING state, process has stayed up for > than 1 seconds (startsecs)
2018-10-24 15:54:39,187 WARN received SIGTERM indicating exit request
2018-10-24 15:54:39,188 INFO waiting for varnishd, php-fpm, varnish-plugins-watcher, nginx, MailHog, mysql, varnish-themes-watcher to die
2018-10-24 15:54:40,191 INFO stopped: varnish-themes-watcher (terminated by SIGTERM)
2018-10-24 15:54:40,250 INFO stopped: mysql (exit status 0)
2018-10-24 15:54:40,257 INFO stopped: MailHog (terminated by SIGTERM)
2018-10-24 15:54:40,272 INFO stopped: nginx (exit status 0)
2018-10-24 15:54:41,278 INFO stopped: varnish-plugins-watcher (terminated by SIGTERM)
2018-10-24 15:54:41,347 INFO stopped: php-fpm (exit status 0)
2018-10-24 15:54:42,061 INFO reaped unknown pid 58
2018-10-24 15:54:42,359 INFO waiting for varnishd to die
2018-10-24 15:54:42,602 INFO stopped: varnishd (exit status 0)
